<?xml version="1.0" encoding="UTF-8"?>
<!-- Generated by org.testng.reporters.JUnitReportReporter -->
<testsuite hostname="gg-PC" name="com.ht.scada.common.tag.service.impl.VarGroupCfgServiceImplTest" tests="1" failures="0" timestamp="14 May 2013 02:51:38 GMT" time="0.008" errors="0">
  <testcase name="getAllVarGroupCfg" time="0.008" classname="com.ht.scada.common.tag.service.impl.VarGroupCfgServiceImplTest"/>
</testsuite> <!-- com.ht.scada.common.tag.service.impl.VarGroupCfgServiceImplTest -->
