<?xml version="1.0" encoding="UTF-8"?>
<!-- Generated by org.testng.reporters.JUnitReportReporter -->
<testsuite hostname="gg-PC" name="com.ht.scada.common.tag.service.impl.AcquisitionChannelServiceImplTest" tests="1" failures="0" timestamp="28 Apr 2013 12:34:00 GMT" time="0.082" errors="0">
  <testcase name="create" time="0.082" classname="com.ht.scada.common.tag.service.impl.AcquisitionChannelServiceImplTest"/>
</testsuite> <!-- com.ht.scada.common.tag.service.impl.AcquisitionChannelServiceImplTest -->
